0 info it worked if it ends with ok
1 verbose cli [ '/usr/bin/node', '/usr/bin/npm', 'run', 'compile' ]
2 info using npm@3.5.2
3 info using node@v8.10.0
4 verbose run-script [ 'precompile', 'compile', 'postcompile' ]
5 info lifecycle typescript-cadastro@1.0.0~precompile: typescript-cadastro@1.0.0
6 silly lifecycle typescript-cadastro@1.0.0~precompile: no script for precompile, continuing
7 info lifecycle typescript-cadastro@1.0.0~compile: typescript-cadastro@1.0.0
8 verbose lifecycle typescript-cadastro@1.0.0~compile: unsafe-perm in lifecycle true
9 verbose lifecycle typescript-cadastro@1.0.0~compile: PATH: /usr/share/npm/bin/node-gyp-bin:/home/decinho/Documentos/cursos/typescript-cadastro/node_modules/.bin:/usr/local/sbin:/usr/local/bin:/usr/sbin:/usr/bin:/sbin:/bin:/usr/games:/usr/local/games:/snap/bin
10 verbose lifecycle typescript-cadastro@1.0.0~compile: CWD: /home/decinho/Documentos/cursos/typescript-cadastro
11 silly lifecycle typescript-cadastro@1.0.0~compile: Args: [ '-c', 'tsc' ]
12 silly lifecycle typescript-cadastro@1.0.0~compile: Returned: code: 1  signal: null
13 info lifecycle typescript-cadastro@1.0.0~compile: Failed to exec compile script
14 verbose stack Error: typescript-cadastro@1.0.0 compile: `tsc`
14 verbose stack Exit status 1
14 verbose stack     at EventEmitter.<anonymous> (/usr/share/npm/lib/utils/lifecycle.js:232:16)
14 verbose stack     at emitTwo (events.js:126:13)
14 verbose stack     at EventEmitter.emit (events.js:214:7)
14 verbose stack     at ChildProcess.<anonymous> (/usr/share/npm/lib/utils/spawn.js:24:14)
14 verbose stack     at emitTwo (events.js:126:13)
14 verbose stack     at ChildProcess.emit (events.js:214:7)
14 verbose stack     at maybeClose (internal/child_process.js:925:16)
14 verbose stack     at Process.ChildProcess._handle.onexit (internal/child_process.js:209:5)
15 verbose pkgid typescript-cadastro@1.0.0
16 verbose cwd /home/decinho/Documentos/cursos/typescript-cadastro
17 error Linux 4.15.0-76-generic
18 error argv "/usr/bin/node" "/usr/bin/npm" "run" "compile"
19 error node v8.10.0
20 error npm  v3.5.2
21 error code ELIFECYCLE
22 error typescript-cadastro@1.0.0 compile: `tsc`
22 error Exit status 1
23 error Failed at the typescript-cadastro@1.0.0 compile script 'tsc'.
23 error Make sure you have the latest version of node.js and npm installed.
23 error If you do, this is most likely a problem with the typescript-cadastro package,
23 error not with npm itself.
23 error Tell the author that this fails on your system:
23 error     tsc
23 error You can get information on how to open an issue for this project with:
23 error     npm bugs typescript-cadastro
23 error Or if that isn't available, you can get their info via:
23 error     npm owner ls typescript-cadastro
23 error There is likely additional logging output above.
24 verbose exit [ 1, true ]
